[0.034s] Invoking command in '/home/luka/link_center/build/photo_sorter': CMAKE_PREFIX_PATH=/opt/ros/humble /usr/bin/cmake /home/luka/link_center/src/photo_sorter -DCMAKE_INSTALL_PREFIX=/home/luka/link_center/install/photo_sorter
[0.469s] -- The C compiler identification is GNU 11.4.0
[1.070s] -- The CXX compiler identification is GNU 11.4.0
[1.375s] -- Detecting C compiler ABI info
[1.546s] -- Detecting C compiler ABI info - done
[1.560s] -- Check for working C compiler: /usr/bin/cc - skipped
[1.568s] -- Detecting C compile features
[1.581s] -- Detecting C compile features - done
[1.588s] -- Detecting CXX compiler ABI info
[1.763s] -- Detecting CXX compiler ABI info - done
[1.780s] -- Check for working CXX compiler: /usr/bin/c++ - skipped
[1.781s] -- Detecting CXX compile features
[1.782s] -- Detecting CXX compile features - done
[1.829s] -- Found ament_cmake: 1.3.10 (/opt/ros/humble/share/ament_cmake/cmake)
[2.072s] -- Found Python3: /usr/bin/python3 (found version "3.10.12") found components: Interpreter 
[2.271s] [31mCMake Error at /opt/ros/humble/share/ament_cmake_target_dependencies/cmake/ament_target_dependencies.cmake:77 (message):
[2.271s]   ament_target_dependencies() the passed package name 'rclcpp' was not found
[2.271s]   before
[2.271s] Call Stack (most recent call first):
[2.271s]   CMakeLists.txt:15 (ament_target_dependencies)
[2.271s] 
[2.272s] [0m
[2.272s] -- Configuring incomplete, errors occurred!
[2.272s] See also "/home/luka/link_center/build/photo_sorter/CMakeFiles/CMakeOutput.log".
[2.281s] Invoked command in '/home/luka/link_center/build/photo_sorter' returned '1': CMAKE_PREFIX_PATH=/opt/ros/humble /usr/bin/cmake /home/luka/link_center/src/photo_sorter -DCMAKE_INSTALL_PREFIX=/home/luka/link_center/install/photo_sorter
