[0.017s] Invoking command in '/home/luka/link_center/build/photo_sorter': CMAKE_PREFIX_PATH=/opt/ros/humble /usr/bin/cmake /home/luka/link_center/src/photo_sorter -DCMAKE_INSTALL_PREFIX=/home/luka/link_center/install/photo_sorter
[0.032s] -- Found ament_cmake: 1.3.10 (/opt/ros/humble/share/ament_cmake/cmake)
[0.242s] -- Found rclcpp: 16.0.10 (/opt/ros/humble/share/rclcpp/cmake)
[0.528s] -- Found rosidl_generator_c: 3.1.5 (/opt/ros/humble/share/rosidl_generator_c/cmake)
[0.547s] -- Found rosidl_adapter: 3.1.5 (/opt/ros/humble/share/rosidl_adapter/cmake)
[0.573s] -- Found rosidl_generator_cpp: 3.1.5 (/opt/ros/humble/share/rosidl_generator_cpp/cmake)
[0.617s] -- Using all available rosidl_typesupport_c: rosidl_typesupport_fastrtps_c;rosidl_typesupport_introspection_c
[0.670s] -- Using all available rosidl_typesupport_cpp: rosidl_typesupport_fastrtps_cpp;rosidl_typesupport_introspection_cpp
[0.807s] -- Found rmw_implementation_cmake: 6.1.2 (/opt/ros/humble/share/rmw_implementation_cmake/cmake)
[0.817s] -- Found rmw_fastrtps_cpp: 6.2.7 (/opt/ros/humble/share/rmw_fastrtps_cpp/cmake)
[2.196s] -- Found OpenSSL: /usr/lib/x86_64-linux-gnu/libcrypto.so (found version "3.0.2")  
[3.539s] -- Found FastRTPS: /opt/ros/humble/include  
[6.049s] -- Using RMW implementation 'rmw_fastrtps_cpp' as default
[6.095s] -- Looking for pthread.h
[6.290s] -- Looking for pthread.h - found
[6.290s] -- Performing Test CMAKE_HAVE_LIBC_PTHREAD
[6.466s] -- Performing Test CMAKE_HAVE_LIBC_PTHREAD - Success
[6.468s] -- Found Threads: TRUE  
[6.626s] -- Found ament_lint_auto: 0.12.11 (/opt/ros/humble/share/ament_lint_auto/cmake)
[6.772s] -- Added test 'cppcheck' to perform static code analysis on C / C++ code
[6.772s] -- Configured cppcheck include dirs: 
[6.773s] -- Configured cppcheck exclude dirs and/or files: 
[6.776s] -- Added test 'lint_cmake' to check CMake code style
[6.780s] -- Added test 'uncrustify' to check C / C++ code style
[6.780s] -- Configured uncrustify additional arguments: 
[6.784s] -- Added test 'xmllint' to check XML markup files
[6.790s] -- Configuring done
[6.807s] -- Generating done
[6.809s] -- Build files have been written to: /home/luka/link_center/build/photo_sorter
[6.820s] Invoked command in '/home/luka/link_center/build/photo_sorter' returned '0': CMAKE_PREFIX_PATH=/opt/ros/humble /usr/bin/cmake /home/luka/link_center/src/photo_sorter -DCMAKE_INSTALL_PREFIX=/home/luka/link_center/install/photo_sorter
[6.824s] Invoking command in '/home/luka/link_center/build/photo_sorter': CMAKE_PREFIX_PATH=/opt/ros/humble /usr/bin/cmake --build /home/luka/link_center/build/photo_sorter -- -j4 -l4
[6.883s] [ 50%] [32mBuilding CXX object CMakeFiles/my_node.dir/src/my_node.cpp.o[0m
[12.919s] [100%] [32m[1mLinking CXX executable my_node[0m
[13.295s] [100%] Built target my_node
[13.312s] Invoked command in '/home/luka/link_center/build/photo_sorter' returned '0': CMAKE_PREFIX_PATH=/opt/ros/humble /usr/bin/cmake --build /home/luka/link_center/build/photo_sorter -- -j4 -l4
[13.369s] Invoking command in '/home/luka/link_center/build/photo_sorter': CMAKE_PREFIX_PATH=/opt/ros/humble /usr/bin/cmake --install /home/luka/link_center/build/photo_sorter
[13.382s] -- Install configuration: ""
[13.384s] -- Installing: /home/luka/link_center/install/photo_sorter/lib/photo_sorter/my_node
[13.386s] -- Set runtime path of "/home/luka/link_center/install/photo_sorter/lib/photo_sorter/my_node" to ""
[13.387s] -- Installing: /home/luka/link_center/install/photo_sorter/share/ament_index/resource_index/package_run_dependencies/photo_sorter
[13.389s] -- Installing: /home/luka/link_center/install/photo_sorter/share/ament_index/resource_index/parent_prefix_path/photo_sorter
[13.391s] -- Installing: /home/luka/link_center/install/photo_sorter/share/photo_sorter/environment/ament_prefix_path.sh
[13.392s] -- Installing: /home/luka/link_center/install/photo_sorter/share/photo_sorter/environment/ament_prefix_path.dsv
[13.392s] -- Installing: /home/luka/link_center/install/photo_sorter/share/photo_sorter/environment/path.sh
[13.393s] -- Installing: /home/luka/link_center/install/photo_sorter/share/photo_sorter/environment/path.dsv
[13.393s] -- Installing: /home/luka/link_center/install/photo_sorter/share/photo_sorter/local_setup.bash
[13.394s] -- Installing: /home/luka/link_center/install/photo_sorter/share/photo_sorter/local_setup.sh
[13.394s] -- Installing: /home/luka/link_center/install/photo_sorter/share/photo_sorter/local_setup.zsh
[13.395s] -- Installing: /home/luka/link_center/install/photo_sorter/share/photo_sorter/local_setup.dsv
[13.395s] -- Installing: /home/luka/link_center/install/photo_sorter/share/photo_sorter/package.dsv
[13.396s] -- Installing: /home/luka/link_center/install/photo_sorter/share/ament_index/resource_index/packages/photo_sorter
[13.397s] -- Installing: /home/luka/link_center/install/photo_sorter/share/photo_sorter/cmake/photo_sorterConfig.cmake
[13.398s] -- Installing: /home/luka/link_center/install/photo_sorter/share/photo_sorter/cmake/photo_sorterConfig-version.cmake
[13.398s] -- Installing: /home/luka/link_center/install/photo_sorter/share/photo_sorter/package.xml
[13.404s] Invoked command in '/home/luka/link_center/build/photo_sorter' returned '0': CMAKE_PREFIX_PATH=/opt/ros/humble /usr/bin/cmake --install /home/luka/link_center/build/photo_sorter
